<?xml version="1.0" encoding="UTF-8"?>
<!-- Generated by org.testng.reporters.JUnitReportReporter -->
<testsuite hostname="Prasannakumar" failures="0" tests="8" name="aboutTestngXMl.Demo2" time="18.897" errors="0" timestamp="2023-11-11T13:24:22 IST" skipped="0">
  <testcase classname="aboutTestngXMl.Demo2" name="Login" time="6.989"/>
  <system-out/>
  <testcase classname="aboutTestngXMl.Demo2" name="Login" time="4.319"/>
  <system-out/>
  <testcase classname="aboutTestngXMl.Demo2" name="m3" time="0.001"/>
  <system-out/>
  <testcase classname="aboutTestngXMl.Demo2" name="m3" time="0.000"/>
  <system-out/>
  <testcase classname="aboutTestngXMl.Demo2" name="Login" time="3.740"/>
  <system-out/>
  <testcase classname="aboutTestngXMl.Demo2" name="m3" time="0.002"/>
  <system-out/>
  <testcase classname="aboutTestngXMl.Demo2" name="m3" time="0.002"/>
  <system-out/>
  <testcase classname="aboutTestngXMl.Demo2" name="Login" time="3.844"/>
  <system-out/>
</testsuite> <!-- aboutTestngXMl.Demo2 -->
