<?xml version="1.0" encoding="UTF-8"?>
<!-- Generated by org.testng.reporters.JUnitReportReporter -->
<testsuite hostname="Prasannakumar" failures="0" tests="3" name="aboutTestngXMl.AboutTestNgAnnotation" time="0.009" errors="0" timestamp="2023-11-10T13:15:47 IST" skipped="0">
  <testcase classname="aboutTestngXMl.AboutTestNgAnnotation" name="m3" time="0.000"/>
  <system-out/>
  <testcase classname="aboutTestngXMl.AboutTestNgAnnotation" name="m2" time="0.003"/>
  <system-out/>
  <testcase classname="aboutTestngXMl.AboutTestNgAnnotation" name="m1" time="0.006"/>
  <system-out/>
</testsuite> <!-- aboutTestngXMl.AboutTestNgAnnotation -->
